<?xml version="1.0" encoding="UTF-8"?>
<!-- Generated by org.testng.reporters.JUnitReportReporter -->
<testsuite hostname="Naveena-Cs-MacBook-Air.local" failures="4" tests="200" name="runner.TestRunner" time="228.247" errors="0" timestamp="2023-07-09T09:14:34 PDT" skipped="0">
  <testcase classname="runner.TestRunner" name="runScenario" time="0.406"/>
  <system-out/>
  <testcase classname="runner.TestRunner" name="runScenario" time="0.828">
    <failure message="expected [true] but found [false]" type="java.lang.AssertionError">
      <![CDATA[java.lang.AssertionError: expected [true] but found [false]
at org.testng.Assert.fail(Assert.java:110)
at org.testng.Assert.failNotEquals(Assert.java:1577)
at org.testng.Assert.assertEqualsImpl(Assert.java:149)
at org.testng.Assert.assertEquals(Assert.java:131)
at org.testng.Assert.assertEquals(Assert.java:1066)
at org.testng.Assert.assertEquals(Assert.java:1030)
at org.testng.Assert.assertEquals(Assert.java:1076)
at stepdefinition.Register_SD.it_should_display_an_error_message_password_should_contain_at_least_characters(Register_SD.java:122)
at ✽.It should display an error message Password should contain at least 8 characters(file:///Users/Naveena/eclipse-workspace/DsAlgo/src/test/resources/Features/02_Register.feature:33)
]]>
    </failure>
  </testcase> <!-- runScenario -->
  <system-out/>
  <testcase classname="runner.TestRunner" name="runScenario" time="0.812"/>
  <system-out/>
  <testcase classname="runner.TestRunner" name="runScenario" time="1.197"/>
  <system-out/>
  <testcase classname="runner.TestRunner" name="runScenario" time="0.512"/>
  <system-out/>
  <testcase classname="runner.TestRunner" name="runScenario" time="1.066"/>
  <system-out/>
  <testcase classname="runner.TestRunner" name="runScenario" time="1.755"/>
  <system-out/>
  <testcase classname="runner.TestRunner" name="runScenario" time="1.281"/>
  <system-out/>
  <testcase classname="runner.TestRunner" name="runScenario" time="0.384"/>
  <system-out/>
  <testcase classname="runner.TestRunner" name="runScenario" time="0.921"/>
  <system-out/>
  <testcase classname="runner.TestRunner" name="runScenario" time="0.580"/>
  <system-out/>
  <testcase classname="runner.TestRunner" name="runScenario" time="0.724"/>
  <system-out/>
  <testcase classname="runner.TestRunner" name="runScenario" time="1.251"/>
  <system-out/>
  <testcase classname="runner.TestRunner" name="runScenario" time="0.643"/>
  <system-out/>
  <testcase classname="runner.TestRunner" name="runScenario" time="0.426"/>
  <system-out/>
  <testcase classname="runner.TestRunner" name="runScenario" time="0.513"/>
  <system-out/>
  <testcase classname="runner.TestRunner" name="runScenario" time="0.872"/>
  <system-out/>
  <testcase classname="runner.TestRunner" name="runScenario" time="2.106"/>
  <system-out/>
  <testcase classname="runner.TestRunner" name="runScenario" time="1.173"/>
  <system-out/>
  <testcase classname="runner.TestRunner" name="runScenario" time="0.609"/>
  <system-out/>
  <testcase classname="runner.TestRunner" name="runScenario" time="0.728"/>
  <system-out/>
  <testcase classname="runner.TestRunner" name="runScenario" time="0.127"/>
  <system-out/>
  <testcase classname="runner.TestRunner" name="runScenario" time="1.782"/>
  <system-out/>
  <testcase classname="runner.TestRunner" name="runScenario" time="0.536"/>
  <system-out/>
  <testcase classname="runner.TestRunner" name="runScenario" time="1.805"/>
  <system-out/>
  <testcase classname="runner.TestRunner" name="runScenario" time="0.433"/>
  <system-out/>
  <testcase classname="runner.TestRunner" name="runScenario" time="0.847"/>
  <system-out/>
  <testcase classname="runner.TestRunner" name="runScenario" time="1.077"/>
  <system-out/>
  <testcase classname="runner.TestRunner" name="runScenario" time="0.495"/>
  <system-out/>
  <testcase classname="runner.TestRunner" name="runScenario" time="0.630"/>
  <system-out/>
  <testcase classname="runner.TestRunner" name="runScenario" time="0.498"/>
  <system-out/>
  <testcase classname="runner.TestRunner" name="runScenario" time="0.766"/>
  <system-out/>
  <testcase classname="runner.TestRunner" name="runScenario" time="1.529"/>
  <system-out/>
  <testcase classname="runner.TestRunner" name="runScenario" time="0.584"/>
  <system-out/>
  <testcase classname="runner.TestRunner" name="runScenario" time="1.198"/>
  <system-out/>
  <testcase classname="runner.TestRunner" name="runScenario" time="0.149"/>
  <system-out/>
  <testcase classname="runner.TestRunner" name="runScenario" time="0.354"/>
  <system-out/>
  <testcase classname="runner.TestRunner" name="runScenario" time="0.797"/>
  <system-out/>
  <testcase classname="runner.TestRunner" name="runScenario" time="1.441"/>
  <system-out/>
  <testcase classname="runner.TestRunner" name="runScenario" time="0.147"/>
  <system-out/>
  <testcase classname="runner.TestRunner" name="runScenario" time="5.140"/>
  <system-out/>
  <testcase classname="runner.TestRunner" name="runScenario" time="0.433"/>
  <system-out/>
  <testcase classname="runner.TestRunner" name="runScenario" time="0.548"/>
  <system-out/>
  <testcase classname="runner.TestRunner" name="runScenario" time="0.932"/>
  <system-out/>
  <testcase classname="runner.TestRunner" name="runScenario" time="0.915"/>
  <system-out/>
  <testcase classname="runner.TestRunner" name="runScenario" time="0.640"/>
  <system-out/>
  <testcase classname="runner.TestRunner" name="runScenario" time="1.097"/>
  <system-out/>
  <testcase classname="runner.TestRunner" name="runScenario" time="0.829"/>
  <system-out/>
  <testcase classname="runner.TestRunner" name="runScenario" time="0.466"/>
  <system-out/>
  <testcase classname="runner.TestRunner" name="runScenario" time="0.683"/>
  <system-out/>
  <testcase classname="runner.TestRunner" name="runScenario" time="0.606"/>
  <system-out/>
  <testcase classname="runner.TestRunner" name="runScenario" time="1.362"/>
  <system-out/>
  <testcase classname="runner.TestRunner" name="runScenario" time="0.568"/>
  <system-out/>
  <testcase classname="runner.TestRunner" name="runScenario" time="0.483"/>
  <system-out/>
  <testcase classname="runner.TestRunner" name="runScenario" time="0.356"/>
  <system-out/>
  <testcase classname="runner.TestRunner" name="runScenario" time="11.348"/>
  <system-out/>
  <testcase classname="runner.TestRunner" name="runScenario" time="0.579"/>
  <system-out/>
  <testcase classname="runner.TestRunner" name="runScenario" time="0.974"/>
  <system-out/>
  <testcase classname="runner.TestRunner" name="runScenario" time="0.732"/>
  <system-out/>
  <testcase classname="runner.TestRunner" name="runScenario" time="0.513"/>
  <system-out/>
  <testcase classname="runner.TestRunner" name="runScenario" time="1.229"/>
  <system-out/>
  <testcase classname="runner.TestRunner" name="runScenario" time="0.464"/>
  <system-out/>
  <testcase classname="runner.TestRunner" name="runScenario" time="0.126"/>
  <system-out/>
  <testcase classname="runner.TestRunner" name="runScenario" time="0.388"/>
  <system-out/>
  <testcase classname="runner.TestRunner" name="runScenario" time="0.662"/>
  <system-out/>
  <testcase classname="runner.TestRunner" name="runScenario" time="1.110"/>
  <system-out/>
  <testcase classname="runner.TestRunner" name="runScenario" time="0.983"/>
  <system-out/>
  <testcase classname="runner.TestRunner" name="runScenario" time="0.718">
    <failure message="expected [true] but found [false]" type="java.lang.AssertionError">
      <![CDATA[java.lang.AssertionError: expected [true] but found [false]
at org.testng.Assert.fail(Assert.java:110)
at org.testng.Assert.failNotEquals(Assert.java:1577)
at org.testng.Assert.assertEqualsImpl(Assert.java:149)
at org.testng.Assert.assertEquals(Assert.java:131)
at org.testng.Assert.assertEquals(Assert.java:1066)
at org.testng.Assert.assertEquals(Assert.java:1030)
at org.testng.Assert.assertEquals(Assert.java:1076)
at stepdefinition.Register_SD.it_should_display_an_error_message_password_can_t_be_entirely_numeric(Register_SD.java:137)
at ✽.It should display an error message Password can’t be entirely numeric.(file:///Users/Naveena/eclipse-workspace/DsAlgo/src/test/resources/Features/02_Register.feature:37)
]]>
    </failure>
  </testcase> <!-- runScenario -->
  <system-out/>
  <testcase classname="runner.TestRunner" name="runScenario" time="2.902"/>
  <system-out/>
  <testcase classname="runner.TestRunner" name="runScenario" time="0.663"/>
  <system-out/>
  <testcase classname="runner.TestRunner" name="runScenario" time="0.714"/>
  <system-out/>
  <testcase classname="runner.TestRunner" name="runScenario" time="0.141"/>
  <system-out/>
  <testcase classname="runner.TestRunner" name="runScenario" time="1.389"/>
  <system-out/>
  <testcase classname="runner.TestRunner" name="runScenario" time="0.894"/>
  <system-out/>
  <testcase classname="runner.TestRunner" name="runScenario" time="1.781"/>
  <system-out/>
  <testcase classname="runner.TestRunner" name="runScenario" time="4.050"/>
  <system-out/>
  <testcase classname="runner.TestRunner" name="runScenario" time="1.876"/>
  <system-out/>
  <testcase classname="runner.TestRunner" name="runScenario" time="0.923"/>
  <system-out/>
  <testcase classname="runner.TestRunner" name="runScenario" time="0.871"/>
  <system-out/>
  <testcase classname="runner.TestRunner" name="runScenario" time="0.351"/>
  <system-out/>
  <testcase classname="runner.TestRunner" name="runScenario" time="2.936"/>
  <system-out/>
  <testcase classname="runner.TestRunner" name="runScenario" time="1.551"/>
  <system-out/>
  <testcase classname="runner.TestRunner" name="runScenario" time="0.573"/>
  <system-out/>
  <testcase classname="runner.TestRunner" name="runScenario" time="1.330"/>
  <system-out/>
  <testcase classname="runner.TestRunner" name="runScenario" time="1.852"/>
  <system-out/>
  <testcase classname="runner.TestRunner" name="runScenario" time="0.500"/>
  <system-out/>
  <testcase classname="runner.TestRunner" name="runScenario" time="0.490"/>
  <system-out/>
  <testcase classname="runner.TestRunner" name="runScenario" time="0.813"/>
  <system-out/>
  <testcase classname="runner.TestRunner" name="runScenario" time="0.462"/>
  <system-out/>
  <testcase classname="runner.TestRunner" name="runScenario" time="0.676"/>
  <system-out/>
  <testcase classname="runner.TestRunner" name="runScenario" time="1.989"/>
  <system-out/>
  <testcase classname="runner.TestRunner" name="runScenario" time="0.462"/>
  <system-out/>
  <testcase classname="runner.TestRunner" name="runScenario" time="0.856"/>
  <system-out/>
  <testcase classname="runner.TestRunner" name="runScenario" time="1.109"/>
  <system-out/>
  <testcase classname="runner.TestRunner" name="runScenario" time="2.338"/>
  <system-out/>
  <testcase classname="runner.TestRunner" name="runScenario" time="3.485"/>
  <system-out/>
  <testcase classname="runner.TestRunner" name="runScenario" time="0.761"/>
  <system-out/>
  <testcase classname="runner.TestRunner" name="runScenario" time="0.569"/>
  <system-out/>
  <testcase classname="runner.TestRunner" name="runScenario" time="0.601"/>
  <system-out/>
  <testcase classname="runner.TestRunner" name="runScenario" time="0.601"/>
  <system-out/>
  <testcase classname="runner.TestRunner" name="runScenario" time="0.595"/>
  <system-out/>
  <testcase classname="runner.TestRunner" name="runScenario" time="0.882"/>
  <system-out/>
  <testcase classname="runner.TestRunner" name="runScenario" time="0.707"/>
  <system-out/>
  <testcase classname="runner.TestRunner" name="runScenario" time="0.527"/>
  <system-out/>
  <testcase classname="runner.TestRunner" name="runScenario" time="0.809"/>
  <system-out/>
  <testcase classname="runner.TestRunner" name="runScenario" time="0.777"/>
  <system-out/>
  <testcase classname="runner.TestRunner" name="runScenario" time="1.801"/>
  <system-out/>
  <testcase classname="runner.TestRunner" name="runScenario" time="0.791">
    <failure message="expected [true] but found [false]" type="java.lang.AssertionError">
      <![CDATA[java.lang.AssertionError: expected [true] but found [false]
at org.testng.Assert.fail(Assert.java:110)
at org.testng.Assert.failNotEquals(Assert.java:1577)
at org.testng.Assert.assertEqualsImpl(Assert.java:149)
at org.testng.Assert.assertEquals(Assert.java:131)
at org.testng.Assert.assertEquals(Assert.java:1066)
at org.testng.Assert.assertEquals(Assert.java:1030)
at org.testng.Assert.assertEquals(Assert.java:1076)
at stepdefinition.Register_SD.it_should_display_an_error_message_password_can_t_be_too_similar_to_your_other_personal_information(Register_SD.java:152)
at ✽.It should display an error message password can’t be too similar to your other personal information.(file:///Users/Naveena/eclipse-workspace/DsAlgo/src/test/resources/Features/02_Register.feature:41)
]]>
    </failure>
  </testcase> <!-- runScenario -->
  <system-out/>
  <testcase classname="runner.TestRunner" name="runScenario" time="0.625"/>
  <system-out/>
  <testcase classname="runner.TestRunner" name="runScenario" time="1.270"/>
  <system-out/>
  <testcase classname="runner.TestRunner" name="runScenario" time="1.211"/>
  <system-out/>
  <testcase classname="runner.TestRunner" name="runScenario" time="0.581"/>
  <system-out/>
  <testcase classname="runner.TestRunner" name="runScenario" time="0.601"/>
  <system-out/>
  <testcase classname="runner.TestRunner" name="runScenario" time="0.306"/>
  <system-out/>
  <testcase classname="runner.TestRunner" name="runScenario" time="0.771">
    <failure message="expected [true] but found [false]" type="java.lang.AssertionError">
      <![CDATA[java.lang.AssertionError: expected [true] but found [false]
at org.testng.Assert.fail(Assert.java:110)
at org.testng.Assert.failNotEquals(Assert.java:1577)
at org.testng.Assert.assertEqualsImpl(Assert.java:149)
at org.testng.Assert.assertEquals(Assert.java:131)
at org.testng.Assert.assertEquals(Assert.java:1066)
at org.testng.Assert.assertEquals(Assert.java:1030)
at org.testng.Assert.assertEquals(Assert.java:1076)
at stepdefinition.Register_SD.it_should_display_an_error_message_password_can_t_be_commonly_used_password(Register_SD.java:167)
at ✽.It should display an error message Password can’t be commonly used password(file:///Users/Naveena/eclipse-workspace/DsAlgo/src/test/resources/Features/02_Register.feature:45)
]]>
    </failure>
  </testcase> <!-- runScenario -->
  <system-out/>
  <testcase classname="runner.TestRunner" name="runScenario" time="0.643"/>
  <system-out/>
  <testcase classname="runner.TestRunner" name="runScenario" time="1.680"/>
  <system-out/>
  <testcase classname="runner.TestRunner" name="runScenario" time="1.082"/>
  <system-out/>
  <testcase classname="runner.TestRunner" name="runScenario" time="0.788"/>
  <system-out/>
  <testcase classname="runner.TestRunner" name="runScenario" time="0.704"/>
  <system-out/>
  <testcase classname="runner.TestRunner" name="runScenario" time="2.224"/>
  <system-out/>
  <testcase classname="runner.TestRunner" name="runScenario" time="1.137"/>
  <system-out/>
  <testcase classname="runner.TestRunner" name="runScenario" time="0.476"/>
  <system-out/>
  <testcase classname="runner.TestRunner" name="runScenario" time="0.677"/>
  <system-out/>
  <testcase classname="runner.TestRunner" name="runScenario" time="0.556"/>
  <system-out/>
  <testcase classname="runner.TestRunner" name="runScenario" time="0.503"/>
  <system-out/>
  <testcase classname="runner.TestRunner" name="runScenario" time="0.535"/>
  <system-out/>
  <testcase classname="runner.TestRunner" name="runScenario" time="0.960"/>
  <system-out/>
  <testcase classname="runner.TestRunner" name="runScenario" time="0.293"/>
  <system-out/>
  <testcase classname="runner.TestRunner" name="runScenario" time="1.146"/>
  <system-out/>
  <testcase classname="runner.TestRunner" name="runScenario" time="0.793"/>
  <system-out/>
  <testcase classname="runner.TestRunner" name="runScenario" time="0.643"/>
  <system-out/>
  <testcase classname="runner.TestRunner" name="runScenario" time="0.516"/>
  <system-out/>
  <testcase classname="runner.TestRunner" name="runScenario" time="0.452"/>
  <system-out/>
  <testcase classname="runner.TestRunner" name="runScenario" time="0.763"/>
  <system-out/>
  <testcase classname="runner.TestRunner" name="runScenario" time="3.444"/>
  <system-out/>
  <testcase classname="runner.TestRunner" name="runScenario" time="0.507"/>
  <system-out/>
  <testcase classname="runner.TestRunner" name="runScenario" time="1.032"/>
  <system-out/>
  <testcase classname="runner.TestRunner" name="runScenario" time="0.396"/>
  <system-out/>
  <testcase classname="runner.TestRunner" name="runScenario" time="2.154"/>
  <system-out/>
  <testcase classname="runner.TestRunner" name="runScenario" time="0.840"/>
  <system-out/>
  <testcase classname="runner.TestRunner" name="runScenario" time="0.920"/>
  <system-out/>
  <testcase classname="runner.TestRunner" name="runScenario" time="1.502"/>
  <system-out/>
  <testcase classname="runner.TestRunner" name="runScenario" time="1.195"/>
  <system-out/>
  <testcase classname="runner.TestRunner" name="runScenario" time="0.893"/>
  <system-out/>
  <testcase classname="runner.TestRunner" name="runScenario" time="0.936"/>
  <system-out/>
  <testcase classname="runner.TestRunner" name="runScenario" time="2.912"/>
  <system-out/>
  <testcase classname="runner.TestRunner" name="runScenario" time="0.821"/>
  <system-out/>
  <testcase classname="runner.TestRunner" name="runScenario" time="0.565"/>
  <system-out/>
  <testcase classname="runner.TestRunner" name="runScenario" time="0.799"/>
  <system-out/>
  <testcase classname="runner.TestRunner" name="runScenario" time="0.456"/>
  <system-out/>
  <testcase classname="runner.TestRunner" name="runScenario" time="2.238"/>
  <system-out/>
  <testcase classname="runner.TestRunner" name="runScenario" time="0.634"/>
  <system-out/>
  <testcase classname="runner.TestRunner" name="runScenario" time="0.905"/>
  <system-out/>
  <testcase classname="runner.TestRunner" name="runScenario" time="0.704"/>
  <system-out/>
  <testcase classname="runner.TestRunner" name="runScenario" time="1.184"/>
  <system-out/>
  <testcase classname="runner.TestRunner" name="runScenario" time="1.463"/>
  <system-out/>
  <testcase classname="runner.TestRunner" name="runScenario" time="0.494"/>
  <system-out/>
  <testcase classname="runner.TestRunner" name="runScenario" time="1.109"/>
  <system-out/>
  <testcase classname="runner.TestRunner" name="runScenario" time="0.680"/>
  <system-out/>
  <testcase classname="runner.TestRunner" name="runScenario" time="0.648"/>
  <system-out/>
  <testcase classname="runner.TestRunner" name="runScenario" time="0.675"/>
  <system-out/>
  <testcase classname="runner.TestRunner" name="runScenario" time="2.260"/>
  <system-out/>
  <testcase classname="runner.TestRunner" name="runScenario" time="11.266"/>
  <system-out/>
  <testcase classname="runner.TestRunner" name="runScenario" time="0.704"/>
  <system-out/>
  <testcase classname="runner.TestRunner" name="runScenario" time="0.570"/>
  <system-out/>
  <testcase classname="runner.TestRunner" name="runScenario" time="0.822"/>
  <system-out/>
  <testcase classname="runner.TestRunner" name="runScenario" time="1.569"/>
  <system-out/>
  <testcase classname="runner.TestRunner" name="runScenario" time="0.856"/>
  <system-out/>
  <testcase classname="runner.TestRunner" name="runScenario" time="0.576"/>
  <system-out/>
  <testcase classname="runner.TestRunner" name="runScenario" time="0.497"/>
  <system-out/>
  <testcase classname="runner.TestRunner" name="runScenario" time="0.746"/>
  <system-out/>
  <testcase classname="runner.TestRunner" name="runScenario" time="0.882"/>
  <system-out/>
  <testcase classname="runner.TestRunner" name="runScenario" time="0.492"/>
  <system-out/>
  <testcase classname="runner.TestRunner" name="runScenario" time="0.545"/>
  <system-out/>
  <testcase classname="runner.TestRunner" name="runScenario" time="0.357"/>
  <system-out/>
  <testcase classname="runner.TestRunner" name="runScenario" time="0.586"/>
  <system-out/>
  <testcase classname="runner.TestRunner" name="runScenario" time="0.974"/>
  <system-out/>
  <testcase classname="runner.TestRunner" name="runScenario" time="4.458"/>
  <system-out/>
  <testcase classname="runner.TestRunner" name="runScenario" time="0.904"/>
  <system-out/>
  <testcase classname="runner.TestRunner" name="runScenario" time="0.369"/>
  <system-out/>
  <testcase classname="runner.TestRunner" name="runScenario" time="1.847"/>
  <system-out/>
  <testcase classname="runner.TestRunner" name="runScenario" time="2.978"/>
  <system-out/>
  <testcase classname="runner.TestRunner" name="runScenario" time="0.597"/>
  <system-out/>
  <testcase classname="runner.TestRunner" name="runScenario" time="0.812"/>
  <system-out/>
  <testcase classname="runner.TestRunner" name="runScenario" time="1.159"/>
  <system-out/>
  <testcase classname="runner.TestRunner" name="runScenario" time="2.685"/>
  <system-out/>
  <testcase classname="runner.TestRunner" name="runScenario" time="0.611"/>
  <system-out/>
  <testcase classname="runner.TestRunner" name="runScenario" time="0.618"/>
  <system-out/>
  <testcase classname="runner.TestRunner" name="runScenario" time="1.356"/>
  <system-out/>
  <testcase classname="runner.TestRunner" name="runScenario" time="0.675"/>
  <system-out/>
  <testcase classname="runner.TestRunner" name="runScenario" time="0.704"/>
  <system-out/>
  <testcase classname="runner.TestRunner" name="runScenario" time="1.032"/>
  <system-out/>
  <testcase classname="runner.TestRunner" name="runScenario" time="0.569"/>
  <system-out/>
  <testcase classname="runner.TestRunner" name="runScenario" time="1.254"/>
  <system-out/>
  <testcase classname="runner.TestRunner" name="runScenario" time="1.048"/>
  <system-out/>
  <testcase classname="runner.TestRunner" name="runScenario" time="11.329"/>
  <system-out/>
  <testcase classname="runner.TestRunner" name="runScenario" time="0.481"/>
  <system-out/>
  <testcase classname="runner.TestRunner" name="runScenario" time="0.222"/>
  <system-out/>
  <testcase classname="runner.TestRunner" name="runScenario" time="0.531"/>
  <system-out/>
</testsuite> <!-- runner.TestRunner -->
