<?xml version="1.0" encoding="UTF-8"?>
<!-- Generated by org.testng.reporters.JUnitReportReporter -->
<testsuite hostname="Naveena-Cs-MacBook-Air.local" failures="0" tests="200" name="runner.TestRunner" time="232.757" errors="0" timestamp="2023-07-09T15:39:24 PDT" skipped="0">
  <testcase classname="runner.TestRunner" name="runScenario" time="0.425"/>
  <system-out/>
  <testcase classname="runner.TestRunner" name="runScenario" time="0.787"/>
  <system-out/>
  <testcase classname="runner.TestRunner" name="runScenario" time="0.355"/>
  <system-out/>
  <testcase classname="runner.TestRunner" name="runScenario" time="0.946"/>
  <system-out/>
  <testcase classname="runner.TestRunner" name="runScenario" time="0.624"/>
  <system-out/>
  <testcase classname="runner.TestRunner" name="runScenario" time="1.081"/>
  <system-out/>
  <testcase classname="runner.TestRunner" name="runScenario" time="1.068"/>
  <system-out/>
  <testcase classname="runner.TestRunner" name="runScenario" time="0.475"/>
  <system-out/>
  <testcase classname="runner.TestRunner" name="runScenario" time="0.531"/>
  <system-out/>
  <testcase classname="runner.TestRunner" name="runScenario" time="0.793"/>
  <system-out/>
  <testcase classname="runner.TestRunner" name="runScenario" time="0.860"/>
  <system-out/>
  <testcase classname="runner.TestRunner" name="runScenario" time="0.860"/>
  <system-out/>
  <testcase classname="runner.TestRunner" name="runScenario" time="0.605"/>
  <system-out/>
  <testcase classname="runner.TestRunner" name="runScenario" time="1.006"/>
  <system-out/>
  <testcase classname="runner.TestRunner" name="runScenario" time="0.570"/>
  <system-out/>
  <testcase classname="runner.TestRunner" name="runScenario" time="0.842"/>
  <system-out/>
  <testcase classname="runner.TestRunner" name="runScenario" time="0.770"/>
  <system-out/>
  <testcase classname="runner.TestRunner" name="runScenario" time="1.417"/>
  <system-out/>
  <testcase classname="runner.TestRunner" name="runScenario" time="1.092"/>
  <system-out/>
  <testcase classname="runner.TestRunner" name="runScenario" time="0.637"/>
  <system-out/>
  <testcase classname="runner.TestRunner" name="runScenario" time="0.650"/>
  <system-out/>
  <testcase classname="runner.TestRunner" name="runScenario" time="1.133"/>
  <system-out/>
  <testcase classname="runner.TestRunner" name="runScenario" time="1.981"/>
  <system-out/>
  <testcase classname="runner.TestRunner" name="runScenario" time="1.750"/>
  <system-out/>
  <testcase classname="runner.TestRunner" name="runScenario" time="1.136"/>
  <system-out/>
  <testcase classname="runner.TestRunner" name="runScenario" time="0.396"/>
  <system-out/>
  <testcase classname="runner.TestRunner" name="runScenario" time="1.386"/>
  <system-out/>
  <testcase classname="runner.TestRunner" name="runScenario" time="1.079"/>
  <system-out/>
  <testcase classname="runner.TestRunner" name="runScenario" time="0.400"/>
  <system-out/>
  <testcase classname="runner.TestRunner" name="runScenario" time="0.132"/>
  <system-out/>
  <testcase classname="runner.TestRunner" name="runScenario" time="0.352"/>
  <system-out/>
  <testcase classname="runner.TestRunner" name="runScenario" time="1.423"/>
  <system-out/>
  <testcase classname="runner.TestRunner" name="runScenario" time="1.113"/>
  <system-out/>
  <testcase classname="runner.TestRunner" name="runScenario" time="0.730"/>
  <system-out/>
  <testcase classname="runner.TestRunner" name="runScenario" time="0.357"/>
  <system-out/>
  <testcase classname="runner.TestRunner" name="runScenario" time="2.285"/>
  <system-out/>
  <testcase classname="runner.TestRunner" name="runScenario" time="0.667"/>
  <system-out/>
  <testcase classname="runner.TestRunner" name="runScenario" time="10.850"/>
  <system-out/>
  <testcase classname="runner.TestRunner" name="runScenario" time="1.139"/>
  <system-out/>
  <testcase classname="runner.TestRunner" name="runScenario" time="0.798"/>
  <system-out/>
  <testcase classname="runner.TestRunner" name="runScenario" time="0.490"/>
  <system-out/>
  <testcase classname="runner.TestRunner" name="runScenario" time="0.995"/>
  <system-out/>
  <testcase classname="runner.TestRunner" name="runScenario" time="0.674"/>
  <system-out/>
  <testcase classname="runner.TestRunner" name="runScenario" time="0.714"/>
  <system-out/>
  <testcase classname="runner.TestRunner" name="runScenario" time="0.623"/>
  <system-out/>
  <testcase classname="runner.TestRunner" name="runScenario" time="0.675"/>
  <system-out/>
  <testcase classname="runner.TestRunner" name="runScenario" time="0.933"/>
  <system-out/>
  <testcase classname="runner.TestRunner" name="runScenario" time="0.747"/>
  <system-out/>
  <testcase classname="runner.TestRunner" name="runScenario" time="1.081"/>
  <system-out/>
  <testcase classname="runner.TestRunner" name="runScenario" time="0.573"/>
  <system-out/>
  <testcase classname="runner.TestRunner" name="runScenario" time="0.303"/>
  <system-out/>
  <testcase classname="runner.TestRunner" name="runScenario" time="0.765"/>
  <system-out/>
  <testcase classname="runner.TestRunner" name="runScenario" time="0.559"/>
  <system-out/>
  <testcase classname="runner.TestRunner" name="runScenario" time="2.475"/>
  <system-out/>
  <testcase classname="runner.TestRunner" name="runScenario" time="0.571"/>
  <system-out/>
  <testcase classname="runner.TestRunner" name="runScenario" time="0.770"/>
  <system-out/>
  <testcase classname="runner.TestRunner" name="runScenario" time="0.649"/>
  <system-out/>
  <testcase classname="runner.TestRunner" name="runScenario" time="1.055"/>
  <system-out/>
  <testcase classname="runner.TestRunner" name="runScenario" time="11.494"/>
  <system-out/>
  <testcase classname="runner.TestRunner" name="runScenario" time="5.280"/>
  <system-out/>
  <testcase classname="runner.TestRunner" name="runScenario" time="0.670"/>
  <system-out/>
  <testcase classname="runner.TestRunner" name="runScenario" time="0.813"/>
  <system-out/>
  <testcase classname="runner.TestRunner" name="runScenario" time="0.342"/>
  <system-out/>
  <testcase classname="runner.TestRunner" name="runScenario" time="0.335"/>
  <system-out/>
  <testcase classname="runner.TestRunner" name="runScenario" time="0.824"/>
  <system-out/>
  <testcase classname="runner.TestRunner" name="runScenario" time="11.015"/>
  <system-out/>
  <testcase classname="runner.TestRunner" name="runScenario" time="0.510"/>
  <system-out/>
  <testcase classname="runner.TestRunner" name="runScenario" time="0.493"/>
  <system-out/>
  <testcase classname="runner.TestRunner" name="runScenario" time="0.520"/>
  <system-out/>
  <testcase classname="runner.TestRunner" name="runScenario" time="0.995"/>
  <system-out/>
  <testcase classname="runner.TestRunner" name="runScenario" time="0.622"/>
  <system-out/>
  <testcase classname="runner.TestRunner" name="runScenario" time="1.217"/>
  <system-out/>
  <testcase classname="runner.TestRunner" name="runScenario" time="1.684"/>
  <system-out/>
  <testcase classname="runner.TestRunner" name="runScenario" time="0.526"/>
  <system-out/>
  <testcase classname="runner.TestRunner" name="runScenario" time="0.960"/>
  <system-out/>
  <testcase classname="runner.TestRunner" name="runScenario" time="0.498"/>
  <system-out/>
  <testcase classname="runner.TestRunner" name="runScenario" time="0.971"/>
  <system-out/>
  <testcase classname="runner.TestRunner" name="runScenario" time="0.132"/>
  <system-out/>
  <testcase classname="runner.TestRunner" name="runScenario" time="0.528"/>
  <system-out/>
  <testcase classname="runner.TestRunner" name="runScenario" time="0.404"/>
  <system-out/>
  <testcase classname="runner.TestRunner" name="runScenario" time="0.638"/>
  <system-out/>
  <testcase classname="runner.TestRunner" name="runScenario" time="0.991"/>
  <system-out/>
  <testcase classname="runner.TestRunner" name="runScenario" time="0.739"/>
  <system-out/>
  <testcase classname="runner.TestRunner" name="runScenario" time="1.420"/>
  <system-out/>
  <testcase classname="runner.TestRunner" name="runScenario" time="0.632"/>
  <system-out/>
  <testcase classname="runner.TestRunner" name="runScenario" time="0.512"/>
  <system-out/>
  <testcase classname="runner.TestRunner" name="runScenario" time="1.329"/>
  <system-out/>
  <testcase classname="runner.TestRunner" name="runScenario" time="0.587"/>
  <system-out/>
  <testcase classname="runner.TestRunner" name="runScenario" time="0.865"/>
  <system-out/>
  <testcase classname="runner.TestRunner" name="runScenario" time="1.325"/>
  <system-out/>
  <testcase classname="runner.TestRunner" name="runScenario" time="0.807"/>
  <system-out/>
  <testcase classname="runner.TestRunner" name="runScenario" time="0.346"/>
  <system-out/>
  <testcase classname="runner.TestRunner" name="runScenario" time="0.501"/>
  <system-out/>
  <testcase classname="runner.TestRunner" name="runScenario" time="0.953"/>
  <system-out/>
  <testcase classname="runner.TestRunner" name="runScenario" time="0.627"/>
  <system-out/>
  <testcase classname="runner.TestRunner" name="runScenario" time="0.720"/>
  <system-out/>
  <testcase classname="runner.TestRunner" name="runScenario" time="0.697"/>
  <system-out/>
  <testcase classname="runner.TestRunner" name="runScenario" time="0.660"/>
  <system-out/>
  <testcase classname="runner.TestRunner" name="runScenario" time="0.290"/>
  <system-out/>
  <testcase classname="runner.TestRunner" name="runScenario" time="0.462"/>
  <system-out/>
  <testcase classname="runner.TestRunner" name="runScenario" time="1.162"/>
  <system-out/>
  <testcase classname="runner.TestRunner" name="runScenario" time="0.665"/>
  <system-out/>
  <testcase classname="runner.TestRunner" name="runScenario" time="1.060"/>
  <system-out/>
  <testcase classname="runner.TestRunner" name="runScenario" time="0.128"/>
  <system-out/>
  <testcase classname="runner.TestRunner" name="runScenario" time="0.917"/>
  <system-out/>
  <testcase classname="runner.TestRunner" name="runScenario" time="0.582"/>
  <system-out/>
  <testcase classname="runner.TestRunner" name="runScenario" time="0.706"/>
  <system-out/>
  <testcase classname="runner.TestRunner" name="runScenario" time="0.545"/>
  <system-out/>
  <testcase classname="runner.TestRunner" name="runScenario" time="2.091"/>
  <system-out/>
  <testcase classname="runner.TestRunner" name="runScenario" time="1.530"/>
  <system-out/>
  <testcase classname="runner.TestRunner" name="runScenario" time="1.232"/>
  <system-out/>
  <testcase classname="runner.TestRunner" name="runScenario" time="1.215"/>
  <system-out/>
  <testcase classname="runner.TestRunner" name="runScenario" time="1.279"/>
  <system-out/>
  <testcase classname="runner.TestRunner" name="runScenario" time="0.900"/>
  <system-out/>
  <testcase classname="runner.TestRunner" name="runScenario" time="0.718"/>
  <system-out/>
  <testcase classname="runner.TestRunner" name="runScenario" time="0.479"/>
  <system-out/>
  <testcase classname="runner.TestRunner" name="runScenario" time="1.418"/>
  <system-out/>
  <testcase classname="runner.TestRunner" name="runScenario" time="0.555"/>
  <system-out/>
  <testcase classname="runner.TestRunner" name="runScenario" time="1.246"/>
  <system-out/>
  <testcase classname="runner.TestRunner" name="runScenario" time="1.004"/>
  <system-out/>
  <testcase classname="runner.TestRunner" name="runScenario" time="0.688"/>
  <system-out/>
  <testcase classname="runner.TestRunner" name="runScenario" time="0.936"/>
  <system-out/>
  <testcase classname="runner.TestRunner" name="runScenario" time="0.855"/>
  <system-out/>
  <testcase classname="runner.TestRunner" name="runScenario" time="3.520"/>
  <system-out/>
  <testcase classname="runner.TestRunner" name="runScenario" time="3.882"/>
  <system-out/>
  <testcase classname="runner.TestRunner" name="runScenario" time="2.485"/>
  <system-out/>
  <testcase classname="runner.TestRunner" name="runScenario" time="0.486"/>
  <system-out/>
  <testcase classname="runner.TestRunner" name="runScenario" time="0.568"/>
  <system-out/>
  <testcase classname="runner.TestRunner" name="runScenario" time="0.719"/>
  <system-out/>
  <testcase classname="runner.TestRunner" name="runScenario" time="0.878"/>
  <system-out/>
  <testcase classname="runner.TestRunner" name="runScenario" time="2.036"/>
  <system-out/>
  <testcase classname="runner.TestRunner" name="runScenario" time="2.597"/>
  <system-out/>
  <testcase classname="runner.TestRunner" name="runScenario" time="0.710"/>
  <system-out/>
  <testcase classname="runner.TestRunner" name="runScenario" time="0.567"/>
  <system-out/>
  <testcase classname="runner.TestRunner" name="runScenario" time="0.753"/>
  <system-out/>
  <testcase classname="runner.TestRunner" name="runScenario" time="0.854"/>
  <system-out/>
  <testcase classname="runner.TestRunner" name="runScenario" time="0.743"/>
  <system-out/>
  <testcase classname="runner.TestRunner" name="runScenario" time="0.550"/>
  <system-out/>
  <testcase classname="runner.TestRunner" name="runScenario" time="1.754"/>
  <system-out/>
  <testcase classname="runner.TestRunner" name="runScenario" time="0.468"/>
  <system-out/>
  <testcase classname="runner.TestRunner" name="runScenario" time="0.806"/>
  <system-out/>
  <testcase classname="runner.TestRunner" name="runScenario" time="0.425"/>
  <system-out/>
  <testcase classname="runner.TestRunner" name="runScenario" time="3.043"/>
  <system-out/>
  <testcase classname="runner.TestRunner" name="runScenario" time="3.777"/>
  <system-out/>
  <testcase classname="runner.TestRunner" name="runScenario" time="0.938"/>
  <system-out/>
  <testcase classname="runner.TestRunner" name="runScenario" time="0.491"/>
  <system-out/>
  <testcase classname="runner.TestRunner" name="runScenario" time="0.531"/>
  <system-out/>
  <testcase classname="runner.TestRunner" name="runScenario" time="1.588"/>
  <system-out/>
  <testcase classname="runner.TestRunner" name="runScenario" time="3.149"/>
  <system-out/>
  <testcase classname="runner.TestRunner" name="runScenario" time="0.224"/>
  <system-out/>
  <testcase classname="runner.TestRunner" name="runScenario" time="0.553"/>
  <system-out/>
  <testcase classname="runner.TestRunner" name="runScenario" time="1.144"/>
  <system-out/>
  <testcase classname="runner.TestRunner" name="runScenario" time="0.129"/>
  <system-out/>
  <testcase classname="runner.TestRunner" name="runScenario" time="0.494"/>
  <system-out/>
  <testcase classname="runner.TestRunner" name="runScenario" time="0.861"/>
  <system-out/>
  <testcase classname="runner.TestRunner" name="runScenario" time="1.228"/>
  <system-out/>
  <testcase classname="runner.TestRunner" name="runScenario" time="0.678"/>
  <system-out/>
  <testcase classname="runner.TestRunner" name="runScenario" time="0.508"/>
  <system-out/>
  <testcase classname="runner.TestRunner" name="runScenario" time="0.601"/>
  <system-out/>
  <testcase classname="runner.TestRunner" name="runScenario" time="1.135"/>
  <system-out/>
  <testcase classname="runner.TestRunner" name="runScenario" time="0.611"/>
  <system-out/>
  <testcase classname="runner.TestRunner" name="runScenario" time="0.761"/>
  <system-out/>
  <testcase classname="runner.TestRunner" name="runScenario" time="0.548"/>
  <system-out/>
  <testcase classname="runner.TestRunner" name="runScenario" time="2.144"/>
  <system-out/>
  <testcase classname="runner.TestRunner" name="runScenario" time="0.994"/>
  <system-out/>
  <testcase classname="runner.TestRunner" name="runScenario" time="1.048"/>
  <system-out/>
  <testcase classname="runner.TestRunner" name="runScenario" time="2.165"/>
  <system-out/>
  <testcase classname="runner.TestRunner" name="runScenario" time="0.970"/>
  <system-out/>
  <testcase classname="runner.TestRunner" name="runScenario" time="1.415"/>
  <system-out/>
  <testcase classname="runner.TestRunner" name="runScenario" time="0.453"/>
  <system-out/>
  <testcase classname="runner.TestRunner" name="runScenario" time="0.583"/>
  <system-out/>
  <testcase classname="runner.TestRunner" name="runScenario" time="0.357"/>
  <system-out/>
  <testcase classname="runner.TestRunner" name="runScenario" time="1.969"/>
  <system-out/>
  <testcase classname="runner.TestRunner" name="runScenario" time="0.704"/>
  <system-out/>
  <testcase classname="runner.TestRunner" name="runScenario" time="1.078"/>
  <system-out/>
  <testcase classname="runner.TestRunner" name="runScenario" time="1.158"/>
  <system-out/>
  <testcase classname="runner.TestRunner" name="runScenario" time="0.570"/>
  <system-out/>
  <testcase classname="runner.TestRunner" name="runScenario" time="0.513"/>
  <system-out/>
  <testcase classname="runner.TestRunner" name="runScenario" time="0.464"/>
  <system-out/>
  <testcase classname="runner.TestRunner" name="runScenario" time="0.975"/>
  <system-out/>
  <testcase classname="runner.TestRunner" name="runScenario" time="2.147"/>
  <system-out/>
  <testcase classname="runner.TestRunner" name="runScenario" time="1.724"/>
  <system-out/>
  <testcase classname="runner.TestRunner" name="runScenario" time="0.683"/>
  <system-out/>
  <testcase classname="runner.TestRunner" name="runScenario" time="0.634"/>
  <system-out/>
  <testcase classname="runner.TestRunner" name="runScenario" time="1.144"/>
  <system-out/>
  <testcase classname="runner.TestRunner" name="runScenario" time="0.556"/>
  <system-out/>
  <testcase classname="runner.TestRunner" name="runScenario" time="0.670"/>
  <system-out/>
  <testcase classname="runner.TestRunner" name="runScenario" time="0.822"/>
  <system-out/>
  <testcase classname="runner.TestRunner" name="runScenario" time="0.858"/>
  <system-out/>
  <testcase classname="runner.TestRunner" name="runScenario" time="2.831"/>
  <system-out/>
  <testcase classname="runner.TestRunner" name="runScenario" time="2.341"/>
  <system-out/>
  <testcase classname="runner.TestRunner" name="runScenario" time="5.197"/>
  <system-out/>
  <testcase classname="runner.TestRunner" name="runScenario" time="1.953"/>
  <system-out/>
  <testcase classname="runner.TestRunner" name="runScenario" time="3.112"/>
  <system-out/>
  <testcase classname="runner.TestRunner" name="runScenario" time="0.957"/>
  <system-out/>
  <testcase classname="runner.TestRunner" name="runScenario" time="0.323"/>
  <system-out/>
  <testcase classname="runner.TestRunner" name="runScenario" time="0.543"/>
  <system-out/>
  <testcase classname="runner.TestRunner" name="runScenario" time="0.754"/>
  <system-out/>
  <testcase classname="runner.TestRunner" name="runScenario" time="1.121"/>
  <system-out/>
  <testcase classname="runner.TestRunner" name="runScenario" time="1.036"/>
  <system-out/>
</testsuite> <!-- runner.TestRunner -->
